Removed Pin From Net: NetName=NetIC6_1 Pin=IC6-1
Removed Pin From Net: NetName=NetD1_2 Pin=IC6-7
Change Component Designator: OldDesignator=C1 NewDesignator=C?
Change Component Designator: OldDesignator=C2 NewDesignator=C?
Change Component Designator: OldDesignator=C3 NewDesignator=C?
Change Component Designator: OldDesignator=C4 NewDesignator=C?
Change Component Designator: OldDesignator=D1 NewDesignator=D?
Change Component Designator: OldDesignator=D2 NewDesignator=D?
Change Component Designator: OldDesignator=IC1 NewDesignator=IC?
Change Component Designator: OldDesignator=IC2 NewDesignator=IC?
Change Component Designator: OldDesignator=IC3 NewDesignator=IC?
Change Component Designator: OldDesignator=IC4 NewDesignator=IC?
Change Component Designator: OldDesignator=IC5 NewDesignator=IC?
Change Component Designator: OldDesignator=IC6 NewDesignator=IC?
Change Component Designator: OldDesignator=IC7 NewDesignator=IC?
Change Component Designator: OldDesignator=P1 NewDesignator=P?
Change Component Designator: OldDesignator=P2 NewDesignator=P?
Change Component Designator: OldDesignator=P3 NewDesignator=P?
Change Component Designator: OldDesignator=P4 NewDesignator=P?
Change Component Designator: OldDesignator=P5 NewDesignator=P?
Change Component Designator: OldDesignator=P6 NewDesignator=P?
Change Component Designator: OldDesignator=P7 NewDesignator=P?
Change Component Designator: OldDesignator=P8 NewDesignator=P?
Change Component Designator: OldDesignator=P9 NewDesignator=P?
Change Component Designator: OldDesignator=P10 NewDesignator=P?
Change Component Designator: OldDesignator=P11 NewDesignator=P?
Change Component Designator: OldDesignator=P12 NewDesignator=P?
Change Component Designator: OldDesignator=P13 NewDesignator=P?
Change Component Designator: OldDesignator=P14 NewDesignator=P?
Change Component Designator: OldDesignator=P15 NewDesignator=P?
Change Component Designator: OldDesignator=P16 NewDesignator=P?
Change Component Designator: OldDesignator=P17 NewDesignator=P?
Change Component Designator: OldDesignator=P18 NewDesignator=P?
Change Component Designator: OldDesignator=P19 NewDesignator=P?
Change Component Designator: OldDesignator=P20 NewDesignator=P?
Change Component Designator: OldDesignator=P21 NewDesignator=P?
Change Component Designator: OldDesignator=P22 NewDesignator=P?
Change Component Designator: OldDesignator=P23 NewDesignator=P?
Change Component Designator: OldDesignator=P24 NewDesignator=P?
Change Component Designator: OldDesignator=P25 NewDesignator=P?
Change Component Designator: OldDesignator=P26 NewDesignator=P?
Change Component Designator: OldDesignator=P27 NewDesignator=P?
Change Component Designator: OldDesignator=P28 NewDesignator=P?
Change Component Designator: OldDesignator=P29 NewDesignator=P?
Change Component Designator: OldDesignator=P30 NewDesignator=P?
Change Component Designator: OldDesignator=P31 NewDesignator=P?
Change Component Designator: OldDesignator=P32 NewDesignator=P?
Change Component Designator: OldDesignator=P33 NewDesignator=P?
Change Component Designator: OldDesignator=P34 NewDesignator=P?
Change Component Designator: OldDesignator=P35 NewDesignator=P?
Change Component Designator: OldDesignator=P36 NewDesignator=P?
Change Component Designator: OldDesignator=P37 NewDesignator=P?
Change Component Designator: OldDesignator=P38 NewDesignator=P?
Change Component Designator: OldDesignator=P39 NewDesignator=P?
Change Component Designator: OldDesignator=P40 NewDesignator=P?
Change Component Designator: OldDesignator=P41 NewDesignator=P?
Change Component Designator: OldDesignator=P42 NewDesignator=P?
Change Component Designator: OldDesignator=R1 NewDesignator=R?
Change Component Designator: OldDesignator=R2 NewDesignator=R?
Change Component Designator: OldDesignator=R3 NewDesignator=R?
Change Component Designator: OldDesignator=R4 NewDesignator=R?
Change Component Designator: OldDesignator=R5 NewDesignator=R?
Change Component Designator: OldDesignator=R6 NewDesignator=R?
Change Component Designator: OldDesignator=R7 NewDesignator=R?
Change Component Designator: OldDesignator=R8 NewDesignator=R?
Change Component Designator: OldDesignator=R9 NewDesignator=R?
Change Component Designator: OldDesignator=R10 NewDesignator=R?
Change Component Designator: OldDesignator=R11 NewDesignator=R?
Change Component Designator: OldDesignator=R12 NewDesignator=R?
Change Component Designator: OldDesignator=R13 NewDesignator=R?
Change Component Designator: OldDesignator=R14 NewDesignator=R?
Change Component Designator: OldDesignator=R15 NewDesignator=R?
Change Component Designator: OldDesignator=R16 NewDesignator=R?
Change Component Designator: OldDesignator=R17 NewDesignator=R?
Change Component Designator: OldDesignator=R18 NewDesignator=R?
Change Component Designator: OldDesignator=R19 NewDesignator=R?
Change Component Designator: OldDesignator=R20 NewDesignator=R?
Change Component Designator: OldDesignator=R21 NewDesignator=R?
Change Component Designator: OldDesignator=R22 NewDesignator=R?
Change Component Designator: OldDesignator=R23 NewDesignator=R?
Change Component Designator: OldDesignator=R24 NewDesignator=R?
Change Component Designator: OldDesignator=R25 NewDesignator=R?
Change Component Designator: OldDesignator=R26 NewDesignator=R?
Change Component Designator: OldDesignator=R27 NewDesignator=R?
Change Component Designator: OldDesignator=R28 NewDesignator=R?
Change Component Designator: OldDesignator=R29 NewDesignator=R?
Change Component Designator: OldDesignator=R30 NewDesignator=R?
Change Component Designator: OldDesignator=R31 NewDesignator=R?
Change Component Designator: OldDesignator=R32 NewDesignator=R?
Change Component Designator: OldDesignator=R33 NewDesignator=R?
Change Component Designator: OldDesignator=S1 NewDesignator=S?
Added Component: Designator=IC?(DIP-14)
Added Component: Designator=IC?(DIP-14)
Added Component: Designator=IC?(DIP-14)
Added Pin To Net: NetName=NetIC6_1 Pin=IC?-1
Added Pin To Net: NetName=NetD1_2 Pin=IC?-7
Change Net Name : Old Net Name=NetC1_1 New Net Name=NetC?_1
Change Net Name : Old Net Name=NetC2_1 New Net Name=NetC?_1
Change Net Name : Old Net Name=NetC2_2 New Net Name=NetC?_2
Change Net Name : Old Net Name=NetC3_2 New Net Name=NetC?_2
Change Net Name : Old Net Name=NetC4_1 New Net Name=NetC?_1
Change Net Name : Old Net Name=NetC4_2 New Net Name=NetC?_2
Change Net Name : Old Net Name=NetD1_1 New Net Name=NetD?_1
Change Net Name : Old Net Name=NetD1_2 New Net Name=NetD?_2
Change Net Name : Old Net Name=NetIC1_1 New Net Name=NetIC?_1
Change Net Name : Old Net Name=NetIC1_2 New Net Name=NetIC?_2
Change Net Name : Old Net Name=NetIC1_3 New Net Name=NetIC?_3
Change Net Name : Old Net Name=NetIC1_5 New Net Name=NetIC?_5
Change Net Name : Old Net Name=NetIC1_6 New Net Name=NetIC?_6
Change Net Name : Old Net Name=NetIC2_2 New Net Name=NetIC?_2
Change Net Name : Old Net Name=NetIC2_6 New Net Name=NetIC?_6
Change Net Name : Old Net Name=NetIC3_2 New Net Name=NetIC?_2
Change Net Name : Old Net Name=NetIC3_6 New Net Name=NetIC?_6
Change Net Name : Old Net Name=NetIC4_2 New Net Name=NetIC?_2
Change Net Name : Old Net Name=NetIC4_3 New Net Name=NetIC?_3
Change Net Name : Old Net Name=NetIC4_6 New Net Name=NetIC?_6
Change Net Name : Old Net Name=NetIC6_1 New Net Name=NetIC?_1
Change Net Name : Old Net Name=NetIC7_1 New Net Name=NetIC?_1
Change Net Name : Old Net Name=NetIC7_2 New Net Name=NetIC?_2
Change Net Name : Old Net Name=NetIC7_5 New Net Name=NetIC?_5
Change Net Name : Old Net Name=NetIC7_6 New Net Name=NetIC?_6
Change Net Name : Old Net Name=NetP3_1 New Net Name=NetP?_1
Change Net Name : Old Net Name=NetP7_1 New Net Name=NetP?_1
Change Net Name : Old Net Name=NetP7_3 New Net Name=NetP?_3
Change Net Name : Old Net Name=NetP13_1 New Net Name=NetP?_1
Change Net Name : Old Net Name=NetP13_3 New Net Name=NetP?_3
Change Net Name : Old Net Name=NetP21_3 New Net Name=NetP?_3
Change Net Name : Old Net Name=NetP26_2 New Net Name=NetP?_2
Change Net Name : Old Net Name=NetP32_1 New Net Name=NetP?_1
Change Net Name : Old Net Name=NetP32_3 New Net Name=NetP?_3
Change Net Name : Old Net Name=NetP36_2 New Net Name=NetP?_2
Change Net Name : Old Net Name=NetP36_4 New Net Name=NetP?_4
Change Net Name : Old Net Name=NetP40_1 New Net Name=NetP?_1
Change Net Name : Old Net Name=NetP41_1 New Net Name=NetP?_1
Change Net Name : Old Net Name=NetP41_3 New Net Name=NetP?_3
Change Net Name : Old Net Name=NetR24_2 New Net Name=NetR?_1
Change Net Name : Old Net Name=NetR25_2 New Net Name=NetR?_1
Change Net Name : Old Net Name=NetR26_2 New Net Name=NetR?_1
Change Net Name : Old Net Name=NetR28_1 New Net Name=NetR?_1
Change Net Name : Old Net Name=NetR29_1 New Net Name=NetR?_1
Change Net Name : Old Net Name=NetR30_1 New Net Name=NetR?_1
Change Net Name : Old Net Name=NetR31_1 New Net Name=NetR?_1
Added Pin To Net: NetName=NetD?_A Pin=D?-A
Added Pin To Net: NetName=NetD?_A Pin=IC?-10
Added Pin To Net: NetName=NetD?_A Pin=R?-1
Added Net: Name=NetD?_A
Added Pin To Net: NetName=NetIC?_9 Pin=IC?-9
Added Pin To Net: NetName=NetIC?_9 Pin=R?-1
Added Net: Name=NetIC?_9
Added Member To Class: ClassName=Experiment 4 Member=Component IC? LM324SNG
Added Member To Class: ClassName=Experiment 4 Member=Component IC? LM324SNG
Added Member To Class: ClassName=Experiment 4 Member=Component IC? LM324SNG
